<?xml version="1.0" encoding="UTF-8"?>
<testsuite name="com.login.login.LoginApplicationTests" tests="1" skipped="0" failures="0" errors="0" timestamp="2021-10-21T14:43:49" hostname="MacBook-Air-de-Maiara.local" time="0.312">
  <properties/>
  <testcase name="contextLoads()" classname="com.login.login.LoginApplicationTests" time="0.312"/>
  <system-out><![CDATA[11:43:47.386 [Test worker] DEBUG org.springframework.test.context.BootstrapUtils - Instantiating CacheAwareContextLoaderDelegate from class [org.springframework.test.context.cache.DefaultCacheAwareContextLoaderDelegate]
11:43:47.396 [Test worker] DEBUG org.springframework.test.context.BootstrapUtils - Instantiating BootstrapContext using constructor [public org.springframework.test.context.support.DefaultBootstrapContext(java.lang.Class,org.springframework.test.context.CacheAwareContextLoaderDelegate)]
11:43:47.448 [Test worker] DEBUG org.springframework.test.context.BootstrapUtils - Instantiating TestContextBootstrapper for test class [com.login.login.LoginApplicationTests] from class [org.springframework.boot.test.context.SpringBootTestContextBootstrapper]
11:43:47.461 [Test worker] INFO org.springframework.boot.test.context.SpringBootTestContextBootstrapper - Neither @ContextConfiguration nor @ContextHierarchy found for test class [com.login.login.LoginApplicationTests], using SpringBootContextLoader
11:43:47.466 [Test worker] DEBUG org.springframework.test.context.support.AbstractContextLoader - Did not detect default resource location for test class [com.login.login.LoginApplicationTests]: class path resource [com/login/login/LoginApplicationTests-context.xml] does not exist
11:43:47.467 [Test worker] DEBUG org.springframework.test.context.support.AbstractContextLoader - Did not detect default resource location for test class [com.login.login.LoginApplicationTests]: class path resource [com/login/login/LoginApplicationTestsContext.groovy] does not exist
11:43:47.467 [Test worker] INFO org.springframework.test.context.support.AbstractContextLoader - Could not detect default resource locations for test class [com.login.login.LoginApplicationTests]: no resource found for suffixes {-context.xml, Context.groovy}.
11:43:47.467 [Test worker] INFO org.springframework.test.context.support.AnnotationConfigContextLoaderUtils - Could not detect default configuration classes for test class [com.login.login.LoginApplicationTests]: LoginApplicationTests does not declare any static, non-private, non-final, nested classes annotated with @Configuration.
11:43:47.521 [Test worker] DEBUG org.springframework.test.context.support.ActiveProfilesUtils - Could not find an 'annotation declaring class' for annotation type [org.springframework.test.context.ActiveProfiles] and class [com.login.login.LoginApplicationTests]
11:43:47.604 [Test worker] DEBUG org.springframework.context.annotation.ClassPathScanningCandidateComponentProvider - Identified candidate component class: file [/Users/maiaramendes/login/build/classes/java/main/com/login/login/LoginApplication.class]
11:43:47.607 [Test worker] INFO org.springframework.boot.test.context.SpringBootTestContextBootstrapper - Found @SpringBootConfiguration com.login.login.LoginApplication for test class com.login.login.LoginApplicationTests
11:43:47.705 [Test worker] DEBUG org.springframework.boot.test.context.SpringBootTestContextBootstrapper - @TestExecutionListeners is not present for class [com.login.login.LoginApplicationTests]: using defaults.
11:43:47.705 [Test worker] INFO org.springframework.boot.test.context.SpringBootTestContextBootstrapper - Loaded default TestExecutionListener class names from location [META-INF/spring.factories]: [org.springframework.boot.test.autoconfigure.restdocs.RestDocsTestExecutionListener, org.springframework.boot.test.autoconfigure.web.client.MockRestServiceServerResetTestExecutionListener, org.springframework.boot.test.autoconfigure.web.servlet.MockMvcPrintOnlyOnFailureTestExecutionListener, org.springframework.boot.test.autoconfigure.web.servlet.WebDriverTestExecutionListener, org.springframework.boot.test.autoconfigure.webservices.client.MockWebServiceServerTestExecutionListener, org.springframework.boot.test.mock.mockito.MockitoTestExecutionListener, org.springframework.boot.test.mock.mockito.ResetMocksTestExecutionListener, org.springframework.test.context.web.ServletTestExecutionListener, org.springframework.test.context.support.DirtiesContextBeforeModesTestExecutionListener, org.springframework.test.context.event.ApplicationEventsTestExecutionListener, org.springframework.test.context.support.DependencyInjectionTestExecutionListener, org.springframework.test.context.support.DirtiesContextTestExecutionListener, org.springframework.test.context.transaction.TransactionalTestExecutionListener, org.springframework.test.context.jdbc.SqlScriptsTestExecutionListener, org.springframework.test.context.event.EventPublishingTestExecutionListener]
11:43:47.714 [Test worker] DEBUG org.springframework.boot.test.context.SpringBootTestContextBootstrapper - Skipping candidate TestExecutionListener [org.springframework.test.context.web.ServletTestExecutionListener] due to a missing dependency. Specify custom listener classes or make the default listener classes and their required dependencies available. Offending class: [javax/servlet/ServletContext]
11:43:47.717 [Test worker] DEBUG org.springframework.boot.test.context.SpringBootTestContextBootstrapper - Skipping candidate TestExecutionListener [org.springframework.test.context.transaction.TransactionalTestExecutionListener] due to a missing dependency. Specify custom listener classes or make the default listener classes and their required dependencies available. Offending class: [org/springframework/transaction/interceptor/TransactionAttributeSource]
11:43:47.718 [Test worker] DEBUG org.springframework.boot.test.context.SpringBootTestContextBootstrapper - Skipping candidate TestExecutionListener [org.springframework.test.context.jdbc.SqlScriptsTestExecutionListener] due to a missing dependency. Specify custom listener classes or make the default listener classes and their required dependencies available. Offending class: [org/springframework/transaction/interceptor/TransactionAttribute]
11:43:47.718 [Test worker] INFO org.springframework.boot.test.context.SpringBootTestContextBootstrapper - Using TestExecutionListeners: [org.springframework.test.context.support.DirtiesContextBeforeModesTestExecutionListener@5db99216, org.springframework.test.context.event.ApplicationEventsTestExecutionListener@3ec11999, org.springframework.boot.test.mock.mockito.MockitoTestExecutionListener@5c1bd44c, org.springframework.boot.test.autoconfigure.SpringBootDependencyInjectionTestExecutionListener@9f46d94, org.springframework.test.context.support.DirtiesContextTestExecutionListener@18cc679e, org.springframework.test.context.event.EventPublishingTestExecutionListener@2e77b8cf, org.springframework.boot.test.autoconfigure.restdocs.RestDocsTestExecutionListener@2c4ca0f9, org.springframework.boot.test.autoconfigure.web.client.MockRestServiceServerResetTestExecutionListener@67ef029, org.springframework.boot.test.autoconfigure.web.servlet.MockMvcPrintOnlyOnFailureTestExecutionListener@7df587ef, org.springframework.boot.test.autoconfigure.web.servlet.WebDriverTestExecutionListener@6e57e95e, org.springframework.boot.test.autoconfigure.webservices.client.MockWebServiceServerTestExecutionListener@2755d705, org.springframework.boot.test.mock.mockito.ResetMocksTestExecutionListener@56db847e]
11:43:47.721 [Test worker] DEBUG org.springframework.test.context.support.AbstractDirtiesContextTestExecutionListener - Before test class: context [DefaultTestContext@db44aa2 testClass = LoginApplicationTests, testInstance = [null], testMethod = [null], testException = [null], mergedContextConfiguration = [MergedContextConfiguration@2de366bb testClass = LoginApplicationTests, locations = '{}', classes = '{class com.login.login.LoginApplication}', contextInitializerClasses = '[]', activeProfiles = '{}', propertySourceLocations = '{}', propertySourceProperties = '{org.springframework.boot.test.context.SpringBootTestContextBootstrapper=true}', contextCustomizers = set[org.springframework.boot.test.autoconfigure.actuate.metrics.MetricsExportContextCustomizerFactory$DisableMetricExportContextCustomizer@616fe72b, org.springframework.boot.test.autoconfigure.properties.PropertyMappingContextCustomizer@0, org.springframework.boot.test.autoconfigure.web.servlet.WebDriverContextCustomizerFactory$Customizer@4566d049, org.springframework.boot.test.context.filter.ExcludeFilterContextCustomizer@7f6f61c8, org.springframework.boot.test.json.DuplicateJsonObjectContextCustomizerFactory$DuplicateJsonObjectContextCustomizer@4097cac, org.springframework.boot.test.mock.mockito.MockitoContextCustomizer@0, org.springframework.boot.test.web.client.TestRestTemplateContextCustomizer@4c5474f5, org.springframework.boot.test.context.SpringBootTestArgs@1, org.springframework.boot.test.context.SpringBootTestWebEnvironment@1a4927d6], contextLoader = 'org.springframework.boot.test.context.SpringBootContextLoader', parent = [null]], attributes = map[[empty]]], class annotated with @DirtiesContext [false] with mode [null].
11:43:47.743 [Test worker] DEBUG org.springframework.test.context.support.DependencyInjectionTestExecutionListener - Performing dependency injection for test context [[DefaultTestContext@db44aa2 testClass = LoginApplicationTests, testInstance = com.login.login.LoginApplicationTests@1b9ea3e3, testMethod = [null], testException = [null], mergedContextConfiguration = [MergedContextConfiguration@2de366bb testClass = LoginApplicationTests, locations = '{}', classes = '{class com.login.login.LoginApplication}', contextInitializerClasses = '[]', activeProfiles = '{}', propertySourceLocations = '{}', propertySourceProperties = '{org.springframework.boot.test.context.SpringBootTestContextBootstrapper=true}', contextCustomizers = set[org.springframework.boot.test.autoconfigure.actuate.metrics.MetricsExportContextCustomizerFactory$DisableMetricExportContextCustomizer@616fe72b, org.springframework.boot.test.autoconfigure.properties.PropertyMappingContextCustomizer@0, org.springframework.boot.test.autoconfigure.web.servlet.WebDriverContextCustomizerFactory$Customizer@4566d049, org.springframework.boot.test.context.filter.ExcludeFilterContextCustomizer@7f6f61c8, org.springframework.boot.test.json.DuplicateJsonObjectContextCustomizerFactory$DuplicateJsonObjectContextCustomizer@4097cac, org.springframework.boot.test.mock.mockito.MockitoContextCustomizer@0, org.springframework.boot.test.web.client.TestRestTemplateContextCustomizer@4c5474f5, org.springframework.boot.test.context.SpringBootTestArgs@1, org.springframework.boot.test.context.SpringBootTestWebEnvironment@1a4927d6], contextLoader = 'org.springframework.boot.test.context.SpringBootContextLoader', parent = [null]], attributes = map['org.springframework.test.context.event.ApplicationEventsTestExecutionListener.recordApplicationEvents' -> false]]].
11:43:47.769 [Test worker] DEBUG org.springframework.test.context.support.TestPropertySourceUtils - Adding inlined properties to environment: {spring.jmx.enabled=false, org.springframework.boot.test.context.SpringBootTestContextBootstrapper=true}

  .   ____          _            __ _ _
 /\\ / ___'_ __ _ _(_)_ __  __ _ \ \ \ \
( ( )\___ | '_ | '_| | '_ \/ _` | \ \ \ \
 \\/  ___)| |_)| | | | | || (_| |  ) ) ) )
  '  |____| .__|_| |_|_| |_\__, | / / / /
 =========|_|==============|___/=/_/_/_/
 :: Spring Boot ::                (v2.5.6)

2021-10-21 11:43:48.247  INFO 5716 --- [    Test worker] com.login.login.LoginApplicationTests    : Starting LoginApplicationTests using Java 11.0.11 on MacBook-Air-de-Maiara.local with PID 5716 (started by maiaramendes in /Users/maiaramendes/login)
2021-10-21 11:43:48.250  INFO 5716 --- [    Test worker] com.login.login.LoginApplicationTests    : No active profile set, falling back to default profiles: default
2021-10-21 11:43:49.118  INFO 5716 --- [    Test worker] com.login.login.LoginApplicationTests    : Started LoginApplicationTests in 1.343 seconds (JVM running for 3.039)
]]></system-out>
  <system-err><![CDATA[]]></system-err>
</testsuite>
